# JRE version: OpenJDK Runtime Environment GraalVM CE 22.3.0 (17.0.5+8) (build 17.0.5+8-jvmci-22.3-b08)
# Java VM: OpenJDK 64-Bit Server VM GraalVM CE 22.3.0 (17.0.5+8-jvmci-22.3-b08, mixed mode, sharing, tiered, jvmci, jvmci compiler, compressed oops, compressed class ptrs, parallel gc, linux-amd64)
GC Precious Log:
 CPUs: 8 total, 1 available
 Memory: 1024M
 Large Page Support: Disabled
 NUMA Support: Disabled
 Compressed Oops: Enabled (32-bit)
 Alignments: Space 512K, Generation 512K, Heap 2M
 Heap Min Capacity: 100M
 Heap Initial Capacity: 100M
 Heap Max Capacity: 512M
 Pre-touch: Disabled
 Parallel Workers: 1
Heap:
 PSYoungGen      total 53248K, used 37376K [0x00000000f5580000, 0x00000000f9d80000, 0x0000000100000000)
  eden space 37376K, 100% used [0x00000000f5580000,0x00000000f7a00000,0x00000000f7a00000)
  from space 15872K, 0% used [0x00000000f8e00000,0x00000000f8e00000,0x00000000f9d80000)
  to   space 14848K, 0% used [0x00000000f7a00000,0x00000000f7a00000,0x00000000f8880000)
 ParOldGen       total 349696K, used 349693K [0x00000000e0000000, 0x00000000f5580000, 0x00000000f5580000)
  object space 349696K, 99% used [0x00000000e0000000,0x00000000f557f7a0,0x00000000f5580000)
 Metaspace       used 55360K, committed 56512K, reserved 1105920K
  class space    used 5512K, committed 5952K, reserved 1048576K
GC Heap History (20 events):
Event: 1258.116 GC heap before
{Heap before GC invocations=571 (full 480):
 PSYoungGen      total 53248K, used 37375K [0x00000000f5580000, 0x00000000f9d80000, 0x0000000100000000)
  eden space 37376K, 99% used [0x00000000f5580000,0x00000000f79ffff8,0x00000000f7a00000)
  from space 15872K, 0% used [0x00000000f8e00000,0x00000000f8e00000,0x00000000f9d80000)
  to   space 14848K, 0% used [0x00000000f7a00000,0x00000000f7a00000,0x00000000f8880000)
 ParOldGen       total 349696K, used 349692K [0x00000000e0000000, 0x00000000f5580000, 0x00000000f5580000)
  object space 349696K, 99% used [0x00000000e0000000,0x00000000f557f288,0x00000000f5580000)
 Metaspace       used 55360K, committed 56512K, reserved 1105920K
  class space    used 5512K, committed 5952K, reserved 1048576K
}
Event: 1260.625 GC heap after
{Heap after GC invocations=571 (full 480):
 PSYoungGen      total 52224K, used 37375K [0x00000000f5580000, 0x00000000f9d80000, 0x0000000100000000)
  eden space 37376K, 99% used [0x00000000f5580000,0x00000000f79fffc8,0x00000000f7a00000)
  from space 14848K, 0% used [0x00000000f7a00000,0x00000000f7a00000,0x00000000f8880000)
  to   space 15872K, 0% used [0x00000000f8e00000,0x00000000f8e00000,0x00000000f9d80000)
 ParOldGen       total 349696K, used 349691K [0x00000000e0000000, 0x00000000f5580000, 0x00000000f5580000)
  object space 349696K, 99% used [0x00000000e0000000,0x00000000f557edd0,0x00000000f5580000)
 Metaspace       used 55360K, committed 56512K, reserved 1105920K
  class space    used 5512K, committed 5952K, reserved 1048576K
}
Event: 1260.625 GC heap before
{Heap before GC invocations=572 (full 481):
 PSYoungGen      total 52224K, used 37375K [0x00000000f5580000, 0x00000000f9d80000, 0x0000000100000000)
  eden space 37376K, 99% used [0x00000000f5580000,0x00000000f79ffff8,0x00000000f7a00000)
  from space 14848K, 0% used [0x00000000f7a00000,0x00000000f7a00000,0x00000000f8880000)
  to   space 15872K, 0% used [0x00000000f8e00000,0x00000000f8e00000,0x00000000f9d80000)
 ParOldGen       total 349696K, used 349691K [0x00000000e0000000, 0x00000000f5580000, 0x00000000f5580000)
  object space 349696K, 99% used [0x00000000e0000000,0x00000000f557edd0,0x00000000f5580000)
 Metaspace       used 55360K, committed 56512K, reserved 1105920K
  class space    used 5512K, committed 5952K, reserved 1048576K
}
Event: 1263.137 GC heap after
{Heap after GC invocations=572 (full 481):
 PSYoungGen      total 53248K, used 37375K [0x00000000f5580000, 0x00000000f9d80000, 0x0000000100000000)
  eden space 37376K, 99% used [0x00000000f5580000,0x00000000f79ffff8,0x00000000f7a00000)
  from space 15872K, 0% used [0x00000000f8e00000,0x00000000f8e00000,0x00000000f9d80000)
  to   space 14848K, 0% used [0x00000000f7a00000,0x00000000f7a00000,0x00000000f8880000)
 ParOldGen       total 349696K, used 349691K [0x00000000e0000000, 0x00000000f5580000, 0x00000000f5580000)
  object space 349696K, 99% used [0x00000000e0000000,0x00000000f557edd0,0x00000000f5580000)
 Metaspace       used 55360K, committed 56512K, reserved 1105920K
  class space    used 5512K, committed 5952K, reserved 1048576K
}
Event: 1263.138 GC heap before
{Heap before GC invocations=573 (full 482):
 PSYoungGen      total 53248K, used 37375K [0x00000000f5580000, 0x00000000f9d80000, 0x0000000100000000)
  eden space 37376K, 99% used [0x00000000f5580000,0x00000000f79ffff8,0x00000000f7a00000)
  from space 15872K, 0% used [0x00000000f8e00000,0x00000000f8e00000,0x00000000f9d80000)
  to   space 14848K, 0% used [0x00000000f7a00000,0x00000000f7a00000,0x00000000f8880000)
 ParOldGen       total 349696K, used 349694K [0x00000000e0000000, 0x00000000f5580000, 0x00000000f5580000)
  object space 349696K, 99% used [0x00000000e0000000,0x00000000f557f8f0,0x00000000f5580000)
 Metaspace       used 55360K, committed 56512K, reserved 1105920K
  class space    used 5512K, committed 5952K, reserved 1048576K
}
Event: 1265.619 GC heap after
{Heap after GC invocations=573 (full 482):
 PSYoungGen      total 52224K, used 37375K [0x00000000f5580000, 0x00000000f9d80000, 0x0000000100000000)
  eden space 37376K, 99% used [0x00000000f5580000,0x00000000f79fffc8,0x00000000f7a00000)
  from space 14848K, 0% used [0x00000000f7a00000,0x00000000f7a00000,0x00000000f8880000)
  to   space 15872K, 0% used [0x00000000f8e00000,0x00000000f8e00000,0x00000000f9d80000)
 ParOldGen       total 349696K, used 349691K [0x00000000e0000000, 0x00000000f5580000, 0x00000000f5580000)
  object space 349696K, 99% used [0x00000000e0000000,0x00000000f557eee0,0x00000000f5580000)
 Metaspace       used 55360K, committed 56512K, reserved 1105920K
  class space    used 5512K, committed 5952K, reserved 1048576K
}
Event: 1265.619 GC heap before
{Heap before GC invocations=574 (full 483):
 PSYoungGen      total 52224K, used 37375K [0x00000000f5580000, 0x00000000f9d80000, 0x0000000100000000)
  eden space 37376K, 99% used [0x00000000f5580000,0x00000000f79ffff0,0x00000000f7a00000)
  from space 14848K, 0% used [0x00000000f7a00000,0x00000000f7a00000,0x00000000f8880000)
  to   space 15872K, 0% used [0x00000000f8e00000,0x00000000f8e00000,0x00000000f9d80000)
 ParOldGen       total 349696K, used 349691K [0x00000000e0000000, 0x00000000f5580000, 0x00000000f5580000)
  object space 349696K, 99% used [0x00000000e0000000,0x00000000f557eee0,0x00000000f5580000)
 Metaspace       used 55360K, committed 56512K, reserved 1105920K
  class space    used 5512K, committed 5952K, reserved 1048576K
}
Event: 1267.927 GC heap after
{Heap after GC invocations=574 (full 483):
 PSYoungGen      total 53248K, used 37375K [0x00000000f5580000, 0x00000000f9d80000, 0x0000000100000000)
  eden space 37376K, 99% used [0x00000000f5580000,0x00000000f79ffff0,0x00000000f7a00000)
  from space 15872K, 0% used [0x00000000f8e00000,0x00000000f8e00000,0x00000000f9d80000)
  to   space 14848K, 0% used [0x00000000f7a00000,0x00000000f7a00000,0x00000000f8880000)
 ParOldGen       total 349696K, used 349691K [0x00000000e0000000, 0x00000000f5580000, 0x00000000f5580000)
  object space 349696K, 99% used [0x00000000e0000000,0x00000000f557eec0,0x00000000f5580000)
 Metaspace       used 55360K, committed 56512K, reserved 1105920K
  class space    used 5512K, committed 5952K, reserved 1048576K
}
Event: 1267.979 GC heap before
{Heap before GC invocations=575 (full 484):
 PSYoungGen      total 53248K, used 37376K [0x00000000f5580000, 0x00000000f9d80000, 0x0000000100000000)
  eden space 37376K, 100% used [0x00000000f5580000,0x00000000f7a00000,0x00000000f7a00000)
  from space 15872K, 0% used [0x00000000f8e00000,0x00000000f8e00000,0x00000000f9d80000)
  to   space 14848K, 0% used [0x00000000f7a00000,0x00000000f7a00000,0x00000000f8880000)
 ParOldGen       total 349696K, used 349694K [0x00000000e0000000, 0x00000000f5580000, 0x00000000f5580000)
  object space 349696K, 99% used [0x00000000e0000000,0x00000000f557f990,0x00000000f5580000)
 Metaspace       used 55360K, committed 56512K, reserved 1105920K
  class space    used 5512K, committed 5952K, reserved 1048576K
}
Event: 1270.214 GC heap after
{Heap after GC invocations=575 (full 484):
 PSYoungGen      total 52224K, used 37375K [0x00000000f5580000, 0x00000000f9d80000, 0x0000000100000000)
  eden space 37376K, 99% used [0x00000000f5580000,0x00000000f79fffc8,0x00000000f7a00000)
  from space 14848K, 0% used [0x00000000f7a00000,0x00000000f7a00000,0x00000000f8880000)
  to   space 15872K, 0% used [0x00000000f8e00000,0x00000000f8e00000,0x00000000f9d80000)
 ParOldGen       total 349696K, used 349690K [0x00000000e0000000, 0x00000000f5580000, 0x00000000f5580000)
  object space 349696K, 99% used [0x00000000e0000000,0x00000000f557eb08,0x00000000f5580000)
 Metaspace       used 55360K, committed 56512K, reserved 1105920K
  class space    used 5512K, committed 5952K, reserved 1048576K
}
Event: 1270.215 GC heap before
{Heap before GC invocations=576 (full 485):
 PSYoungGen      total 52224K, used 37375K [0x00000000f5580000, 0x00000000f9d80000, 0x0000000100000000)
  eden space 37376K, 99% used [0x00000000f5580000,0x00000000f79ffff8,0x00000000f7a00000)
  from space 14848K, 0% used [0x00000000f7a00000,0x00000000f7a00000,0x00000000f8880000)
  to   space 15872K, 0% used [0x00000000f8e00000,0x00000000f8e00000,0x00000000f9d80000)
 ParOldGen       total 349696K, used 349690K [0x00000000e0000000, 0x00000000f5580000, 0x00000000f5580000)
  object space 349696K, 99% used [0x00000000e0000000,0x00000000f557eb08,0x00000000f5580000)
 Metaspace       used 55360K, committed 56512K, reserved 1105920K
  class space    used 5512K, committed 5952K, reserved 1048576K
}
Event: 1272.525 GC heap after
{Heap after GC invocations=576 (full 485):
 PSYoungGen      total 53248K, used 37375K [0x00000000f5580000, 0x00000000f9d80000, 0x0000000100000000)
  eden space 37376K, 99% used [0x00000000f5580000,0x00000000f79ffff8,0x00000000f7a00000)
  from space 15872K, 0% used [0x00000000f8e00000,0x00000000f8e00000,0x00000000f9d80000)
  to   space 14848K, 0% used [0x00000000f7a00000,0x00000000f7a00000,0x00000000f8880000)
 ParOldGen       total 349696K, used 349690K [0x00000000e0000000, 0x00000000f5580000, 0x00000000f5580000)
  object space 349696K, 99% used [0x00000000e0000000,0x00000000f557eae8,0x00000000f5580000)
 Metaspace       used 55360K, committed 56512K, reserved 1105920K
  class space    used 5512K, committed 5952K, reserved 1048576K
}
Event: 1272.526 GC heap before
{Heap before GC invocations=577 (full 486):
 PSYoungGen      total 53248K, used 37375K [0x00000000f5580000, 0x00000000f9d80000, 0x0000000100000000)
  eden space 37376K, 99% used [0x00000000f5580000,0x00000000f79ffff8,0x00000000f7a00000)
  from space 15872K, 0% used [0x00000000f8e00000,0x00000000f8e00000,0x00000000f9d80000)
  to   space 14848K, 0% used [0x00000000f7a00000,0x00000000f7a00000,0x00000000f8880000)
 ParOldGen       total 349696K, used 349694K [0x00000000e0000000, 0x00000000f5580000, 0x00000000f5580000)
  object space 349696K, 99% used [0x00000000e0000000,0x00000000f557fb88,0x00000000f5580000)
 Metaspace       used 55360K, committed 56512K, reserved 1105920K
  class space    used 5512K, committed 5952K, reserved 1048576K
}
Event: 1274.924 GC heap after
{Heap after GC invocations=577 (full 486):
 PSYoungGen      total 52224K, used 37375K [0x00000000f5580000, 0x00000000f9d80000, 0x0000000100000000)
  eden space 37376K, 99% used [0x00000000f5580000,0x00000000f79fff30,0x00000000f7a00000)
  from space 14848K, 0% used [0x00000000f7a00000,0x00000000f7a00000,0x00000000f8880000)
  to   space 15872K, 0% used [0x00000000f8e00000,0x00000000f8e00000,0x00000000f9d80000)
 ParOldGen       total 349696K, used 349693K [0x00000000e0000000, 0x00000000f5580000, 0x00000000f5580000)
  object space 349696K, 99% used [0x00000000e0000000,0x00000000f557f7e8,0x00000000f5580000)
 Metaspace       used 55360K, committed 56512K, reserved 1105920K
  class space    used 5512K, committed 5952K, reserved 1048576K
}
Event: 1274.925 GC heap before
{Heap before GC invocations=578 (full 487):
 PSYoungGen      total 52224K, used 37376K [0x00000000f5580000, 0x00000000f9d80000, 0x0000000100000000)
  eden space 37376K, 100% used [0x00000000f5580000,0x00000000f7a00000,0x00000000f7a00000)
  from space 14848K, 0% used [0x00000000f7a00000,0x00000000f7a00000,0x00000000f8880000)
  to   space 15872K, 0% used [0x00000000f8e00000,0x00000000f8e00000,0x00000000f9d80000)
 ParOldGen       total 349696K, used 349693K [0x00000000e0000000, 0x00000000f5580000, 0x00000000f5580000)
  object space 349696K, 99% used [0x00000000e0000000,0x00000000f557f7e8,0x00000000f5580000)
 Metaspace       used 55360K, committed 56512K, reserved 1105920K
  class space    used 5512K, committed 5952K, reserved 1048576K
}
Event: 1277.478 GC heap after
{Heap after GC invocations=578 (full 487):
 PSYoungGen      total 53248K, used 37375K [0x00000000f5580000, 0x00000000f9d80000, 0x0000000100000000)
  eden space 37376K, 99% used [0x00000000f5580000,0x00000000f79ffff0,0x00000000f7a00000)
  from space 15872K, 0% used [0x00000000f8e00000,0x00000000f8e00000,0x00000000f9d80000)
  to   space 14848K, 0% used [0x00000000f7a00000,0x00000000f7a00000,0x00000000f8880000)
 ParOldGen       total 349696K, used 349693K [0x00000000e0000000, 0x00000000f5580000, 0x00000000f5580000)
  object space 349696K, 99% used [0x00000000e0000000,0x00000000f557f7d0,0x00000000f5580000)
 Metaspace       used 55360K, committed 56512K, reserved 1105920K
  class space    used 5512K, committed 5952K, reserved 1048576K
}
Event: 1277.479 GC heap before
{Heap before GC invocations=579 (full 488):
 PSYoungGen      total 53248K, used 37376K [0x00000000f5580000, 0x00000000f9d80000, 0x0000000100000000)
  eden space 37376K, 100% used [0x00000000f5580000,0x00000000f7a00000,0x00000000f7a00000)
  from space 15872K, 0% used [0x00000000f8e00000,0x00000000f8e00000,0x00000000f9d80000)
  to   space 14848K, 0% used [0x00000000f7a00000,0x00000000f7a00000,0x00000000f8880000)
 ParOldGen       total 349696K, used 349695K [0x00000000e0000000, 0x00000000f5580000, 0x00000000f5580000)
  object space 349696K, 99% used [0x00000000e0000000,0x00000000f557fff8,0x00000000f5580000)
 Metaspace       used 55360K, committed 56512K, reserved 1105920K
  class space    used 5512K, committed 5952K, reserved 1048576K
}
Event: 1279.951 GC heap after
{Heap after GC invocations=579 (full 488):
 PSYoungGen      total 52224K, used 37375K [0x00000000f5580000, 0x00000000f9d80000, 0x0000000100000000)
  eden space 37376K, 99% used [0x00000000f5580000,0x00000000f79ffff0,0x00000000f7a00000)
  from space 14848K, 0% used [0x00000000f7a00000,0x00000000f7a00000,0x00000000f8880000)
  to   space 15872K, 0% used [0x00000000f8e00000,0x00000000f8e00000,0x00000000f9d80000)
 ParOldGen       total 349696K, used 349694K [0x00000000e0000000, 0x00000000f5580000, 0x00000000f5580000)
  object space 349696K, 99% used [0x00000000e0000000,0x00000000f557fb28,0x00000000f5580000)
 Metaspace       used 55360K, committed 56512K, reserved 1105920K
  class space    used 5512K, committed 5952K, reserved 1048576K
}
Event: 1279.951 GC heap before
{Heap before GC invocations=580 (full 489):
 PSYoungGen      total 52224K, used 37375K [0x00000000f5580000, 0x00000000f9d80000, 0x0000000100000000)
  eden space 37376K, 99% used [0x00000000f5580000,0x00000000f79ffff0,0x00000000f7a00000)
  from space 14848K, 0% used [0x00000000f7a00000,0x00000000f7a00000,0x00000000f8880000)
  to   space 15872K, 0% used [0x00000000f8e00000,0x00000000f8e00000,0x00000000f9d80000)
 ParOldGen       total 349696K, used 349694K [0x00000000e0000000, 0x00000000f5580000, 0x00000000f5580000)
  object space 349696K, 99% used [0x00000000e0000000,0x00000000f557fb28,0x00000000f5580000)
 Metaspace       used 55360K, committed 56512K, reserved 1105920K
  class space    used 5512K, committed 5952K, reserved 1048576K
}
Event: 1282.321 GC heap after
{Heap after GC invocations=580 (full 489):
 PSYoungGen      total 53248K, used 37375K [0x00000000f5580000, 0x00000000f9d80000, 0x0000000100000000)
  eden space 37376K, 99% used [0x00000000f5580000,0x00000000f79ffdc8,0x00000000f7a00000)
  from space 15872K, 0% used [0x00000000f8e00000,0x00000000f8e00000,0x00000000f9d80000)
  to   space 14848K, 0% used [0x00000000f7a00000,0x00000000f7a00000,0x00000000f8880000)
 ParOldGen       total 349696K, used 349693K [0x00000000e0000000, 0x00000000f5580000, 0x00000000f5580000)
  object space 349696K, 99% used [0x00000000e0000000,0x00000000f557f700,0x00000000f5580000)
 Metaspace       used 55360K, committed 56512K, reserved 1105920K
  class space    used 5512K, committed 5952K, reserved 1048576K
}

